  [i] Neutrino emissions detected...
[K  [✓] Pulling blocklist source list into range

  [i] Preparing new gravity database...[K  [✓] Preparing new gravity database
  [i] Using libz compression

  [i] Target: https://raw.githubusercontent.com/StevenBlack/hosts/master/hosts
  [i] Status: Pending...[K  [✓] Status: Retrieval successful
  [i] Analyzed 84247 domains
  [i] List stayed unchanged

  [i] Target: https://raw.githubusercontent.com/PolishFiltersTeam/KADhosts/master/KADhosts.txt
  [i] Status: Pending...[K  [✓] Status: Retrieval successful
  [i] Analyzed 25367 domains
  [i] List stayed unchanged

  [i] Target: https://raw.githubusercontent.com/FadeMind/hosts.extras/master/add.Spam/hosts
  [i] Status: Pending...[K  [✓] Status: Retrieval successful
  [i] Analyzed 59 domains
  [i] List stayed unchanged

  [i] Target: https://v.firebog.net/hosts/static/w3kbl.txt
  [i] Status: Pending...[K  [✓] Status: No changes detected
  [i] Analyzed 903 domains

  [i] Target: https://v.firebog.net/hosts/Easyprivacy.txt
  [i] Status: Pending...[K  [✓] Status: No changes detected
  [i] Analyzed 11627 domains

  [i] Target: https://v.firebog.net/hosts/Prigent-Ads.txt
  [i] Status: Pending...[K  [✓] Status: No changes detected
  [i] Analyzed 3670 domains

  [i] Target: https://raw.githubusercontent.com/FadeMind/hosts.extras/master/add.2o7Net/hosts
  [i] Status: Pending...[K  [✓] Status: Retrieval successful
  [i] Analyzed 1286 domains
  [i] List stayed unchanged

  [i] Target: https://raw.githubusercontent.com/crazy-max/WindowsSpyBlocker/master/data/hosts/spy.txt
  [i] Status: Pending...[K  [✓] Status: No changes detected
  [i] Analyzed 375 domains

  [i] Target: https://hostfiles.frogeye.fr/firstparty-trackers-hosts.txt
  [i] Status: Pending...[K  [✓] Status: No changes detected
  [i] Analyzed 56977 domains

  [i] Target: https://adaway.org/hosts.txt
  [i] Status: Pending...[K  [✓] Status: No changes detected
  [i] Analyzed 8226 domains

  [i] Target: https://v.firebog.net/hosts/AdguardDNS.txt
  [i] Status: Pending...[K  [✓] Status: No changes detected
  [i] Analyzed 37422 domains

  [i] Storing downloaded domains in new gravity database...[K  [✓] Storing downloaded domains in new gravity database
  [i] Building tree...[K  [✓] Building tree
  [i] Swapping databases...[K  [✓] Swapping databases
  [i] Number of gravity domains: 230159 (171985 unique domains)
  [i] Number of exact blacklisted domains: 0
  [i] Number of regex blacklist filters: 0
  [i] Number of exact whitelisted domains: 0
  [i] Number of regex whitelist filters: 0
  [i] Cleaning up stray matter...[K  [✓] Cleaning up stray matter

  [✓] DNS service is listening
     [✓] UDP (IPv4)
     [✓] TCP (IPv4)
     [✓] UDP (IPv6)
     [✓] TCP (IPv6)

  [✓] Pi-hole blocking is enabled
